  ConsoleApplication1.cpp
C:\Users\ilya\Desktop\study\КС\ConsoleApplication1\ConsoleApplication1\ConsoleApplication1.cpp(15,1): warning C4005: IP_DEST_NET_UNREACHABLE: изменение макроопределения
C:\Program Files (x86)\Windows Kits\10\Include\10.0.19041.0\um\ipexport.h(173): message : см. предыдущее определение "IP_DEST_NET_UNREACHABLE"
C:\Users\ilya\Desktop\study\КС\ConsoleApplication1\ConsoleApplication1\ConsoleApplication1.cpp(16,1): warning C4005: IP_DEST_HOST_UNREACHABLE: изменение макроопределения
C:\Program Files (x86)\Windows Kits\10\Include\10.0.19041.0\um\ipexport.h(174): message : см. предыдущее определение "IP_DEST_HOST_UNREACHABLE"
C:\Users\ilya\Desktop\study\КС\ConsoleApplication1\ConsoleApplication1\ConsoleApplication1.cpp(17,1): warning C4005: IP_DEST_PROT_UNREACHABLE: изменение макроопределения
C:\Program Files (x86)\Windows Kits\10\Include\10.0.19041.0\um\ipexport.h(175): message : см. предыдущее определение "IP_DEST_PROT_UNREACHABLE"
C:\Users\ilya\Desktop\study\КС\ConsoleApplication1\ConsoleApplication1\ConsoleApplication1.cpp(18,1): warning C4005: IP_DEST_PORT_UNREACHABLE: изменение макроопределения
C:\Program Files (x86)\Windows Kits\10\Include\10.0.19041.0\um\ipexport.h(176): message : см. предыдущее определение "IP_DEST_PORT_UNREACHABLE"
C:\Users\ilya\Desktop\study\КС\ConsoleApplication1\ConsoleApplication1\ConsoleApplication1.cpp(19,1): warning C4005: IP_REQ_TIMED_OUT: изменение макроопределения
C:\Program Files (x86)\Windows Kits\10\Include\10.0.19041.0\um\ipexport.h(181): message : см. предыдущее определение "IP_REQ_TIMED_OUT"
C:\Users\ilya\Desktop\study\КС\ConsoleApplication1\ConsoleApplication1\ConsoleApplication1.cpp(20,1): warning C4005: IP_BAD_REQ: изменение макроопределения
C:\Program Files (x86)\Windows Kits\10\Include\10.0.19041.0\um\ipexport.h(182): message : см. предыдущее определение "IP_BAD_REQ"
C:\Users\ilya\Desktop\study\КС\ConsoleApplication1\ConsoleApplication1\ConsoleApplication1.cpp(21,1): warning C4005: IP_BAD_ROUTE: изменение макроопределения
C:\Program Files (x86)\Windows Kits\10\Include\10.0.19041.0\um\ipexport.h(183): message : см. предыдущее определение "IP_BAD_ROUTE"
C:\Users\ilya\Desktop\study\КС\ConsoleApplication1\ConsoleApplication1\ConsoleApplication1.cpp(22,1): warning C4005: IP_TTL_EXPIRED_TRANSIT: изменение макроопределения
C:\Program Files (x86)\Windows Kits\10\Include\10.0.19041.0\um\ipexport.h(184): message : см. предыдущее определение "IP_TTL_EXPIRED_TRANSIT"
C:\Users\ilya\Desktop\study\КС\ConsoleApplication1\ConsoleApplication1\ConsoleApplication1.cpp(82,6): error C3873: "0xab": этот символ недопустим как первый символ идентификатора
C:\Users\ilya\Desktop\study\КС\ConsoleApplication1\ConsoleApplication1\ConsoleApplication1.cpp(82,6): error C2146: синтаксическая ошибка: отсутствие ";" перед идентификатором "«"
C:\Users\ilya\Desktop\study\КС\ConsoleApplication1\ConsoleApplication1\ConsoleApplication1.cpp(82,6): error C2065: «: необъявленный идентификатор
C:\Users\ilya\Desktop\study\КС\ConsoleApplication1\ConsoleApplication1\ConsoleApplication1.cpp(82,9): error C2143: синтаксическая ошибка: отсутствие ";" перед "строка"
C:\Users\ilya\Desktop\study\КС\ConsoleApplication1\ConsoleApplication1\ConsoleApplication1.cpp(82,28): error C3873: "0xab": этот символ недопустим как первый символ идентификатора
C:\Users\ilya\Desktop\study\КС\ConsoleApplication1\ConsoleApplication1\ConsoleApplication1.cpp(82,28): error C2146: синтаксическая ошибка: отсутствие ";" перед идентификатором "«"
C:\Users\ilya\Desktop\study\КС\ConsoleApplication1\ConsoleApplication1\ConsoleApplication1.cpp(82,31): error C2144: синтаксическая ошибка: перед "int" требуется ")"
C:\Users\ilya\Desktop\study\КС\ConsoleApplication1\ConsoleApplication1\ConsoleApplication1.cpp(82,28): error C3861: «: идентификатор не найден
C:\Users\ilya\Desktop\study\КС\ConsoleApplication1\ConsoleApplication1\ConsoleApplication1.cpp(82,31): error C2144: синтаксическая ошибка: перед "int" требуется ";"
C:\Users\ilya\Desktop\study\КС\ConsoleApplication1\ConsoleApplication1\ConsoleApplication1.cpp(82,34): error C2059: синтаксическая ошибка: )
C:\Users\ilya\Desktop\study\КС\ConsoleApplication1\ConsoleApplication1\ConsoleApplication1.cpp(83,6): error C3873: "0xab": этот символ недопустим как первый символ идентификатора
C:\Users\ilya\Desktop\study\КС\ConsoleApplication1\ConsoleApplication1\ConsoleApplication1.cpp(82,39): error C2371: pIpPtr: переопределение; различные базовые типы
C:\Users\ilya\Desktop\study\КС\ConsoleApplication1\ConsoleApplication1\ConsoleApplication1.cpp(80): message : см. объявление "pIpPtr"
C:\Users\ilya\Desktop\study\КС\ConsoleApplication1\ConsoleApplication1\ConsoleApplication1.cpp(83,6): error C2146: синтаксическая ошибка: отсутствие ";" перед идентификатором "«"
C:\Users\ilya\Desktop\study\КС\ConsoleApplication1\ConsoleApplication1\ConsoleApplication1.cpp(83,6): error C2065: «: необъявленный идентификатор
C:\Users\ilya\Desktop\study\КС\ConsoleApplication1\ConsoleApplication1\ConsoleApplication1.cpp(83,9): error C2143: синтаксическая ошибка: отсутствие ";" перед "строка"
C:\Users\ilya\Desktop\study\КС\ConsoleApplication1\ConsoleApplication1\ConsoleApplication1.cpp(83,13): error C3873: "0xab": этот символ недопустим как первый символ идентификатора
C:\Users\ilya\Desktop\study\КС\ConsoleApplication1\ConsoleApplication1\ConsoleApplication1.cpp(83,13): error C2146: синтаксическая ошибка: отсутствие ";" перед идентификатором "«"
C:\Users\ilya\Desktop\study\КС\ConsoleApplication1\ConsoleApplication1\ConsoleApplication1.cpp(83,16): error C2144: синтаксическая ошибка: перед "int" требуется ")"
C:\Users\ilya\Desktop\study\КС\ConsoleApplication1\ConsoleApplication1\ConsoleApplication1.cpp(83,13): error C3861: «: идентификатор не найден
C:\Users\ilya\Desktop\study\КС\ConsoleApplication1\ConsoleApplication1\ConsoleApplication1.cpp(83,16): error C2144: синтаксическая ошибка: перед "int" требуется ";"
C:\Users\ilya\Desktop\study\КС\ConsoleApplication1\ConsoleApplication1\ConsoleApplication1.cpp(83,19): error C2059: синтаксическая ошибка: )
C:\Users\ilya\Desktop\study\КС\ConsoleApplication1\ConsoleApplication1\ConsoleApplication1.cpp(83,31): error C2143: синтаксическая ошибка: отсутствие ")" перед "+"
C:\Users\ilya\Desktop\study\КС\ConsoleApplication1\ConsoleApplication1\ConsoleApplication1.cpp(83,31): error C2143: синтаксическая ошибка: отсутствие ";" перед "+"
C:\Users\ilya\Desktop\study\КС\ConsoleApplication1\ConsoleApplication1\ConsoleApplication1.cpp(83,24): error C2371: pIpPtr: переопределение; различные базовые типы
C:\Users\ilya\Desktop\study\КС\ConsoleApplication1\ConsoleApplication1\ConsoleApplication1.cpp(80): message : см. объявление "pIpPtr"
C:\Users\ilya\Desktop\study\КС\ConsoleApplication1\ConsoleApplication1\ConsoleApplication1.cpp(83,34): error C2059: синтаксическая ошибка: )
C:\Users\ilya\Desktop\study\КС\ConsoleApplication1\ConsoleApplication1\ConsoleApplication1.cpp(84,6): error C3873: "0xab": этот символ недопустим как первый символ идентификатора
C:\Users\ilya\Desktop\study\КС\ConsoleApplication1\ConsoleApplication1\ConsoleApplication1.cpp(84,6): error C2146: синтаксическая ошибка: отсутствие ";" перед идентификатором "«"
C:\Users\ilya\Desktop\study\КС\ConsoleApplication1\ConsoleApplication1\ConsoleApplication1.cpp(84,6): error C2065: «: необъявленный идентификатор
C:\Users\ilya\Desktop\study\КС\ConsoleApplication1\ConsoleApplication1\ConsoleApplication1.cpp(84,9): error C2143: синтаксическая ошибка: отсутствие ";" перед "строка"
C:\Users\ilya\Desktop\study\КС\ConsoleApplication1\ConsoleApplication1\ConsoleApplication1.cpp(84,13): error C3873: "0xab": этот символ недопустим как первый символ идентификатора
C:\Users\ilya\Desktop\study\КС\ConsoleApplication1\ConsoleApplication1\ConsoleApplication1.cpp(84,13): error C2146: синтаксическая ошибка: отсутствие ";" перед идентификатором "«"
C:\Users\ilya\Desktop\study\КС\ConsoleApplication1\ConsoleApplication1\ConsoleApplication1.cpp(84,16): error C2144: синтаксическая ошибка: перед "int" требуется ")"
C:\Users\ilya\Desktop\study\КС\ConsoleApplication1\ConsoleApplication1\ConsoleApplication1.cpp(84,13): error C3861: «: идентификатор не найден
C:\Users\ilya\Desktop\study\КС\ConsoleApplication1\ConsoleApplication1\ConsoleApplication1.cpp(84,16): error C2144: синтаксическая ошибка: перед "int" требуется ";"
C:\Users\ilya\Desktop\study\КС\ConsoleApplication1\ConsoleApplication1\ConsoleApplication1.cpp(84,19): error C2059: синтаксическая ошибка: )
C:\Users\ilya\Desktop\study\КС\ConsoleApplication1\ConsoleApplication1\ConsoleApplication1.cpp(84,31): error C2143: синтаксическая ошибка: отсутствие ")" перед "+"
C:\Users\ilya\Desktop\study\КС\ConsoleApplication1\ConsoleApplication1\ConsoleApplication1.cpp(84,31): error C2143: синтаксическая ошибка: отсутствие ";" перед "+"
C:\Users\ilya\Desktop\study\КС\ConsoleApplication1\ConsoleApplication1\ConsoleApplication1.cpp(84,24): error C2371: pIpPtr: переопределение; различные базовые типы
C:\Users\ilya\Desktop\study\КС\ConsoleApplication1\ConsoleApplication1\ConsoleApplication1.cpp(80): message : см. объявление "pIpPtr"
C:\Users\ilya\Desktop\study\КС\ConsoleApplication1\ConsoleApplication1\ConsoleApplication1.cpp(84,34): error C2059: синтаксическая ошибка: )
C:\Users\ilya\Desktop\study\КС\ConsoleApplication1\ConsoleApplication1\ConsoleApplication1.cpp(85,6): error C3873: "0xab": этот символ недопустим как первый символ идентификатора
C:\Users\ilya\Desktop\study\КС\ConsoleApplication1\ConsoleApplication1\ConsoleApplication1.cpp(85,6): error C2146: синтаксическая ошибка: отсутствие ";" перед идентификатором "«"
C:\Users\ilya\Desktop\study\КС\ConsoleApplication1\ConsoleApplication1\ConsoleApplication1.cpp(85,6): error C2065: «: необъявленный идентификатор
C:\Users\ilya\Desktop\study\КС\ConsoleApplication1\ConsoleApplication1\ConsoleApplication1.cpp(85,9): error C2143: синтаксическая ошибка: отсутствие ";" перед "строка"
C:\Users\ilya\Desktop\study\КС\ConsoleApplication1\ConsoleApplication1\ConsoleApplication1.cpp(85,13): error C3873: "0xab": этот символ недопустим как первый символ идентификатора
C:\Users\ilya\Desktop\study\КС\ConsoleApplication1\ConsoleApplication1\ConsoleApplication1.cpp(85,13): error C2146: синтаксическая ошибка: отсутствие ";" перед идентификатором "«"
C:\Users\ilya\Desktop\study\КС\ConsoleApplication1\ConsoleApplication1\ConsoleApplication1.cpp(85,16): error C2144: синтаксическая ошибка: перед "int" требуется ")"
C:\Users\ilya\Desktop\study\КС\ConsoleApplication1\ConsoleApplication1\ConsoleApplication1.cpp(85,13): error C3861: «: идентификатор не найден
C:\Users\ilya\Desktop\study\КС\ConsoleApplication1\ConsoleApplication1\ConsoleApplication1.cpp(85,16): error C2144: синтаксическая ошибка: перед "int" требуется ";"
C:\Users\ilya\Desktop\study\КС\ConsoleApplication1\ConsoleApplication1\ConsoleApplication1.cpp(85,19): error C2059: синтаксическая ошибка: )
C:\Users\ilya\Desktop\study\КС\ConsoleApplication1\ConsoleApplication1\ConsoleApplication1.cpp(85,31): error C2143: синтаксическая ошибка: отсутствие ")" перед "+"
C:\Users\ilya\Desktop\study\КС\ConsoleApplication1\ConsoleApplication1\ConsoleApplication1.cpp(85,31): error C2143: синтаксическая ошибка: отсутствие ";" перед "+"
C:\Users\ilya\Desktop\study\КС\ConsoleApplication1\ConsoleApplication1\ConsoleApplication1.cpp(85,24): error C2371: pIpPtr: переопределение; различные базовые типы
C:\Users\ilya\Desktop\study\КС\ConsoleApplication1\ConsoleApplication1\ConsoleApplication1.cpp(80): message : см. объявление "pIpPtr"
C:\Users\ilya\Desktop\study\КС\ConsoleApplication1\ConsoleApplication1\ConsoleApplication1.cpp(85,34): error C2059: синтаксическая ошибка: )
C:\Users\ilya\Desktop\study\КС\ConsoleApplication1\ConsoleApplication1\ConsoleApplication1.cpp(86,6): error C3873: "0xab": этот символ недопустим как первый символ идентификатора
C:\Users\ilya\Desktop\study\КС\ConsoleApplication1\ConsoleApplication1\ConsoleApplication1.cpp(86,6): error C2146: синтаксическая ошибка: отсутствие ";" перед идентификатором "«"
C:\Users\ilya\Desktop\study\КС\ConsoleApplication1\ConsoleApplication1\ConsoleApplication1.cpp(86,6): error C2065: «: необъявленный идентификатор
C:\Users\ilya\Desktop\study\КС\ConsoleApplication1\ConsoleApplication1\ConsoleApplication1.cpp(86,9): error C2143: синтаксическая ошибка: отсутствие ";" перед "строка"
C:\Users\ilya\Desktop\study\КС\ConsoleApplication1\ConsoleApplication1\ConsoleApplication1.cpp(86,36): error C3873: "0xab": этот символ недопустим как первый символ идентификатора
C:\Users\ilya\Desktop\study\КС\ConsoleApplication1\ConsoleApplication1\ConsoleApplication1.cpp(86,36): error C2146: синтаксическая ошибка: отсутствие ";" перед идентификатором "«"
C:\Users\ilya\Desktop\study\КС\ConsoleApplication1\ConsoleApplication1\ConsoleApplication1.cpp(86,36): error C2065: «: необъявленный идентификатор
C:\Users\ilya\Desktop\study\КС\ConsoleApplication1\ConsoleApplication1\ConsoleApplication1.cpp(86,39): error C2146: синтаксическая ошибка: отсутствие ";" перед идентификатором "pIpe"
C:\Users\ilya\Desktop\study\КС\ConsoleApplication1\ConsoleApplication1\ConsoleApplication1.cpp(87,6): error C3873: "0xab": этот символ недопустим как первый символ идентификатора
C:\Users\ilya\Desktop\study\КС\ConsoleApplication1\ConsoleApplication1\ConsoleApplication1.cpp(87,6): error C2146: синтаксическая ошибка: отсутствие ";" перед идентификатором "«"
C:\Users\ilya\Desktop\study\КС\ConsoleApplication1\ConsoleApplication1\ConsoleApplication1.cpp(87,6): error C2065: «: необъявленный идентификатор
C:\Users\ilya\Desktop\study\КС\ConsoleApplication1\ConsoleApplication1\ConsoleApplication1.cpp(87,9): error C2143: синтаксическая ошибка: отсутствие ";" перед "строка"
C:\Users\ilya\Desktop\study\КС\ConsoleApplication1\ConsoleApplication1\ConsoleApplication1.cpp(87,26): error C3873: "0xab": этот символ недопустим как первый символ идентификатора
C:\Users\ilya\Desktop\study\КС\ConsoleApplication1\ConsoleApplication1\ConsoleApplication1.cpp(87,26): error C2146: синтаксическая ошибка: отсутствие ";" перед идентификатором "«"
C:\Users\ilya\Desktop\study\КС\ConsoleApplication1\ConsoleApplication1\ConsoleApplication1.cpp(87,26): error C2065: «: необъявленный идентификатор
C:\Users\ilya\Desktop\study\КС\ConsoleApplication1\ConsoleApplication1\ConsoleApplication1.cpp(87,29): error C2146: синтаксическая ошибка: отсутствие ";" перед идентификатором "pIpe"
C:\Users\ilya\Desktop\study\КС\ConsoleApplication1\ConsoleApplication1\ConsoleApplication1.cpp(88,6): error C3873: "0xab": этот символ недопустим как первый символ идентификатора
C:\Users\ilya\Desktop\study\КС\ConsoleApplication1\ConsoleApplication1\ConsoleApplication1.cpp(88,6): error C2146: синтаксическая ошибка: отсутствие ";" перед идентификатором "«"
C:\Users\ilya\Desktop\study\КС\ConsoleApplication1\ConsoleApplication1\ConsoleApplication1.cpp(88,6): error C2065: «: необъявленный идентификатор
C:\Users\ilya\Desktop\study\КС\ConsoleApplication1\ConsoleApplication1\ConsoleApplication1.cpp(88,9): error C2143: синтаксическая ошибка: отсутствие ";" перед "строка"
C:\Users\ilya\Desktop\study\КС\ConsoleApplication1\ConsoleApplication1\ConsoleApplication1.cpp(88,23): error C3873: "0xab": этот символ недопустим как первый символ идентификатора
C:\Users\ilya\Desktop\study\КС\ConsoleApplication1\ConsoleApplication1\ConsoleApplication1.cpp(88,23): error C2146: синтаксическая ошибка: отсутствие ";" перед идентификатором "«"
C:\Users\ilya\Desktop\study\КС\ConsoleApplication1\ConsoleApplication1\ConsoleApplication1.cpp(88,26): error C2144: синтаксическая ошибка: перед "int" требуется ")"
C:\Users\ilya\Desktop\study\КС\ConsoleApplication1\ConsoleApplication1\ConsoleApplication1.cpp(88,23): error C3861: «: идентификатор не найден
C:\Users\ilya\Desktop\study\КС\ConsoleApplication1\ConsoleApplication1\ConsoleApplication1.cpp(88,26): error C2144: синтаксическая ошибка: перед "int" требуется ";"
C:\Users\ilya\Desktop\study\КС\ConsoleApplication1\ConsoleApplication1\ConsoleApplication1.cpp(88,29): error C2059: синтаксическая ошибка: )
C:\Users\ilya\Desktop\study\КС\ConsoleApplication1\ConsoleApplication1\ConsoleApplication1.cpp(88,34): error C3927: "->": конечный тип возвращаемого значения недопустим после оператора объявления, не относящегося к функции.
C:\Users\ilya\Desktop\study\КС\ConsoleApplication1\ConsoleApplication1\ConsoleApplication1.cpp(88,36): error C3613: отсутствует тип возвращаемого значения после "->" (предполагается int)
C:\Users\ilya\Desktop\study\КС\ConsoleApplication1\ConsoleApplication1\ConsoleApplication1.cpp(88,36): error C2146: синтаксическая ошибка: отсутствие ";" перед идентификатором "Options"
C:\Users\ilya\Desktop\study\КС\ConsoleApplication1\ConsoleApplication1\ConsoleApplication1.cpp(88,36): error C2065: Options: необъявленный идентификатор
C:\Users\ilya\Desktop\study\КС\ConsoleApplication1\ConsoleApplication1\ConsoleApplication1.cpp(89,6): error C3873: "0xab": этот символ недопустим как первый символ идентификатора
C:\Users\ilya\Desktop\study\КС\ConsoleApplication1\ConsoleApplication1\ConsoleApplication1.cpp(89,6): error C2146: синтаксическая ошибка: отсутствие ";" перед идентификатором "«"
C:\Users\ilya\Desktop\study\КС\ConsoleApplication1\ConsoleApplication1\ConsoleApplication1.cpp(89,6): error C2065: «: необъявленный идентификатор
C:\Users\ilya\Desktop\study\КС\ConsoleApplication1\ConsoleApplication1\ConsoleApplication1.cpp(89,14): error C2143: синтаксическая ошибка: отсутствие ";" перед "std::endl"
C:\Users\ilya\Desktop\study\КС\ConsoleApplication1\ConsoleApplication1\ConsoleApplication1.cpp(89,14): warning C4551: в вызове функции отсутствует список аргументов
C:\Users\ilya\Desktop\study\КС\ConsoleApplication1\ConsoleApplication1\ConsoleApplication1.cpp(107,16): error C3873: "0xab": этот символ недопустим как первый символ идентификатора
C:\Users\ilya\Desktop\study\КС\ConsoleApplication1\ConsoleApplication1\ConsoleApplication1.cpp(107,16): error C2146: синтаксическая ошибка: отсутствие ";" перед идентификатором "«"
C:\Users\ilya\Desktop\study\КС\ConsoleApplication1\ConsoleApplication1\ConsoleApplication1.cpp(107,16): error C2065: «: необъявленный идентификатор
C:\Users\ilya\Desktop\study\КС\ConsoleApplication1\ConsoleApplication1\ConsoleApplication1.cpp(107,19): error C2143: синтаксическая ошибка: отсутствие ";" перед "строка"
C:\Users\ilya\Desktop\study\КС\ConsoleApplication1\ConsoleApplication1\ConsoleApplication1.cpp(107,46): error C3873: "0xab": этот символ недопустим как первый символ идентификатора
C:\Users\ilya\Desktop\study\КС\ConsoleApplication1\ConsoleApplication1\ConsoleApplication1.cpp(107,46): error C2146: синтаксическая ошибка: отсутствие ";" перед идентификатором "«"
C:\Users\ilya\Desktop\study\КС\ConsoleApplication1\ConsoleApplication1\ConsoleApplication1.cpp(107,46): error C2065: «: необъявленный идентификатор
C:\Users\ilya\Desktop\study\КС\ConsoleApplication1\ConsoleApplication1\ConsoleApplication1.cpp(107,54): error C2143: синтаксическая ошибка: отсутствие ";" перед "std::endl"
C:\Users\ilya\Desktop\study\КС\ConsoleApplication1\ConsoleApplication1\ConsoleApplication1.cpp(107,54): warning C4551: в вызове функции отсутствует список аргументов
C:\Users\ilya\Desktop\study\КС\ConsoleApplication1\ConsoleApplication1\ConsoleApplication1.cpp(110,16): error C3873: "0xab": этот символ недопустим как первый символ идентификатора
C:\Users\ilya\Desktop\study\КС\ConsoleApplication1\ConsoleApplication1\ConsoleApplication1.cpp(110,16): error C2146: синтаксическая ошибка: отсутствие ";" перед идентификатором "«"
C:\Users\ilya\Desktop\study\КС\ConsoleApplication1\ConsoleApplication1\ConsoleApplication1.cpp(110,16): error C2065: «: необъявленный идентификатор
C:\Users\ilya\Desktop\study\КС\ConsoleApplication1\ConsoleApplication1\ConsoleApplication1.cpp(110,19): error C2143: синтаксическая ошибка: отсутствие ";" перед "строка"
C:\Users\ilya\Desktop\study\КС\ConsoleApplication1\ConsoleApplication1\ConsoleApplication1.cpp(110,40): error C3873: "0xab": этот символ недопустим как первый символ идентификатора
C:\Users\ilya\Desktop\study\КС\ConsoleApplication1\ConsoleApplication1\ConsoleApplication1.cpp(110,40): error C2146: синтаксическая ошибка: отсутствие ";" перед идентификатором "«"
C:\Users\ilya\Desktop\study\КС\ConsoleApplication1\ConsoleApplication1\ConsoleApplication1.cpp(110,43): fatal error C1003: число ошибок превышает 100; остановка компиляции
